[debug] [2023-08-10T03:51:02.496Z] ----------------------------------------------------------------------
[debug] [2023-08-10T03:51:02.497Z] Command:       C:\Program Files\nodejs\node.exe C:\Program Files\nodejs\node_modules\firebase-tools\lib\bin\firebase.js init
[debug] [2023-08-10T03:51:02.498Z] CLI Version:   12.4.6
[debug] [2023-08-10T03:51:02.498Z] Platform:      win32
[debug] [2023-08-10T03:51:02.498Z] Node Version:  v16.17.0
[debug] [2023-08-10T03:51:02.502Z] Time:          Thu Aug 10 2023 10:51:02 GMT+0700 (Indochina Time)
[debug] [2023-08-10T03:51:02.502Z] ----------------------------------------------------------------------
[debug] 
[debug] [2023-08-10T03:51:02.513Z] >>> [apiv2][query] GET https://firebase-public.firebaseio.com/cli.json [none]
[debug] [2023-08-10T03:51:02.596Z] > command requires scopes: ["email","openid","https://www.googleapis.com/auth/cloudplatformprojects.readonly","https://www.googleapis.com/auth/firebase","https://www.googleapis.com/auth/cloud-platform"]
[debug] [2023-08-10T03:51:02.596Z] > authorizing via signed-in user (nguyendinhgiap4997ptit@gmail.com)
[info] 
     ######## #### ########  ######## ########     ###     ######  ########
     ##        ##  ##     ## ##       ##     ##  ##   ##  ##       ##
     ######    ##  ########  ######   ########  #########  ######  ######
     ##        ##  ##    ##  ##       ##     ## ##     ##       ## ##
     ##       #### ##     ## ######## ########  ##     ##  ######  ########

You're about to initialize a Firebase project in this directory:

  C:\Users\Admin\Desktop\react-recoil-realworld-example-app

Before we get started, keep in mind:

  * You are initializing within an existing Firebase project directory

[debug] [2023-08-10T03:51:03.056Z] <<< [apiv2][status] GET https://firebase-public.firebaseio.com/cli.json 200
[debug] [2023-08-10T03:51:03.058Z] <<< [apiv2][body] GET https://firebase-public.firebaseio.com/cli.json {"cloudBuildErrorAfter":1594252800000,"cloudBuildWarnAfter":1590019200000,"defaultNode10After":1594252800000,"minVersion":"3.0.5","node8DeploysDisabledAfter":1613390400000,"node8RuntimeDisabledAfter":1615809600000,"node8WarnAfter":1600128000000}
